<?xml version="1.0" encoding="UTF-8"?>
<!-- Generated by org.testng.reporters.JUnitReportReporter -->
<testsuite hostname="TareK" failures="0" tests="1" name="all_testes.Test_Created_Order" time="16.560" errors="0" timestamp="2024-12-13T02:54:46 CET" skipped="0">
  <testcase classname="all_testes.Test_Created_Order" name="testCreatedOrder" time="16.560"/>
</testsuite> <!-- all_testes.Test_Created_Order -->
