<?xml version="1.0" encoding="UTF-8"?>
<!-- Generated by org.testng.reporters.JUnitReportReporter -->
<testsuite hostname="TareK" failures="0" tests="1" name="admin.loginAdmin" time="0.687" errors="0" timestamp="2024-12-13T02:36:39 CET" skipped="0">
  <testcase classname="admin.loginAdmin" name="adminLogin" time="0.687"/>
</testsuite> <!-- admin.loginAdmin -->
